<?xml version="1.0" encoding="UTF-8"?>
<coverage generated="1725415324207" clover="3.2.0">
  <project timestamp="1725415324208" name="All files">
    <metrics statements="29" coveredstatements="29" conditionals="13" coveredconditionals="13" methods="9" coveredmethods="9" elements="51" coveredelements="51" complexity="0" loc="29" ncloc="29" packages="1" files="1" classes="1"/>
    <file name="index.js" path="/Users/mjg/Documents/duc/my-ACS-3310-Writing-Javascript-Libraries/stringlib/src/index.js">
      <metrics statements="29" coveredstatements="29" conditionals="13" coveredconditionals="13" methods="9" coveredmethods="9"/>
      <line num="3" count="8" type="stmt"/>
      <line num="4" count="8" type="stmt"/>
      <line num="5" count="8" type="stmt"/>
      <line num="10" count="3" type="stmt"/>
      <line num="15" count="3" type="stmt"/>
      <line num="16" count="4" type="stmt"/>
      <line num="17" count="3" type="stmt"/>
      <line num="22" count="5" type="stmt"/>
      <line num="25" count="26" type="stmt"/>
      <line num="31" count="2" type="stmt"/>
      <line num="32" count="2" type="stmt"/>
      <line num="33" count="2" type="stmt"/>
      <line num="34" count="76" type="stmt"/>
      <line num="35" count="76" type="cond" truecount="4" falsecount="0"/>
      <line num="37" count="46" type="stmt"/>
      <line num="38" count="30" type="cond" truecount="4" falsecount="0"/>
      <line num="40" count="6" type="stmt"/>
      <line num="41" count="24" type="cond" truecount="4" falsecount="0"/>
      <line num="43" count="22" type="stmt"/>
      <line num="45" count="2" type="stmt"/>
      <line num="48" count="2" type="stmt"/>
      <line num="49" count="2" type="stmt"/>
      <line num="54" count="1" type="stmt"/>
      <line num="57" count="1" type="stmt"/>
      <line num="58" count="1" type="stmt"/>
      <line num="60" count="1" type="stmt"/>
      <line num="61" count="1" type="stmt"/>
      <line num="62" count="1" type="stmt"/>
      <line num="63" count="1" type="stmt"/>
    </file>
  </project>
</coverage>
