{"/Users/mjg/Documents/duc/my-ACS-3310-Writing-Javascript-Libraries/stringlib/src/index.js": {"path":"/Users/mjg/Documents/duc/my-ACS-3310-Writing-Javascript-Libraries/stringlib/src/index.js","statementMap":{"0":{"start":{"line":3,"column":16},"end":{"line":3,"column":36}},"1":{"start":{"line":4,"column":15},"end":{"line":4,"column":41}},"2":{"start":{"line":5,"column":2},"end":{"line":5,"column":22}},"3":{"start":{"line":10,"column":2},"end":{"line":10,"column":27}},"4":{"start":{"line":15,"column":14},"end":{"line":15,"column":28}},"5":{"start":{"line":16,"column":25},"end":{"line":16,"column":62}},"6":{"start":{"line":16,"column":45},"end":{"line":16,"column":61}},"7":{"start":{"line":17,"column":2},"end":{"line":17,"column":36}},"8":{"start":{"line":22,"column":2},"end":{"line":26,"column":15}},"9":{"start":{"line":25,"column":19},"end":{"line":25,"column":27}},"10":{"start":{"line":31,"column":16},"end":{"line":31,"column":33}},"11":{"start":{"line":32,"column":16},"end":{"line":32,"column":31}},"12":{"start":{"line":33,"column":19},"end":{"line":47,"column":4}},"13":{"start":{"line":34,"column":17},"end":{"line":34,"column":32}},"14":{"start":{"line":35,"column":4},"end":{"line":46,"column":5}},"15":{"start":{"line":37,"column":6},"end":{"line":37,"column":18}},"16":{"start":{"line":38,"column":11},"end":{"line":46,"column":5}},"17":{"start":{"line":40,"column":6},"end":{"line":40,"column":18}},"18":{"start":{"line":41,"column":11},"end":{"line":46,"column":5}},"19":{"start":{"line":43,"column":6},"end":{"line":43,"column":18}},"20":{"start":{"line":45,"column":6},"end":{"line":45,"column":19}},"21":{"start":{"line":48,"column":20},"end":{"line":48,"column":56}},"22":{"start":{"line":49,"column":2},"end":{"line":49,"column":46}},"23":{"start":{"line":54,"column":2},"end":{"line":54,"column":43}},"24":{"start":{"line":57,"column":0},"end":{"line":57,"column":65}},"25":{"start":{"line":58,"column":0},"end":{"line":58,"column":65}},"26":{"start":{"line":60,"column":0},"end":{"line":60,"column":39}},"27":{"start":{"line":61,"column":0},"end":{"line":61,"column":33}},"28":{"start":{"line":62,"column":0},"end":{"line":62,"column":49}},"29":{"start":{"line":63,"column":0},"end":{"line":63,"column":53}}},"fnMap":{"0":{"name":"capitalize","decl":{"start":{"line":2,"column":9},"end":{"line":2,"column":19}},"loc":{"start":{"line":2,"column":25},"end":{"line":6,"column":1}},"line":2},"1":{"name":"allCaps","decl":{"start":{"line":9,"column":9},"end":{"line":9,"column":16}},"loc":{"start":{"line":9,"column":22},"end":{"line":11,"column":1}},"line":9},"2":{"name":"capitalizeWords","decl":{"start":{"line":14,"column":9},"end":{"line":14,"column":24}},"loc":{"start":{"line":14,"column":30},"end":{"line":18,"column":1}},"line":14},"3":{"name":"(anonymous_3)","decl":{"start":{"line":16,"column":35},"end":{"line":16,"column":36}},"loc":{"start":{"line":16,"column":45},"end":{"line":16,"column":61}},"line":16},"4":{"name":"removeExtraSpaces","decl":{"start":{"line":21,"column":9},"end":{"line":21,"column":26}},"loc":{"start":{"line":21,"column":32},"end":{"line":27,"column":1}},"line":21},"5":{"name":"(anonymous_5)","decl":{"start":{"line":25,"column":12},"end":{"line":25,"column":13}},"loc":{"start":{"line":25,"column":19},"end":{"line":25,"column":27}},"line":25},"6":{"name":"kebobCase","decl":{"start":{"line":30,"column":9},"end":{"line":30,"column":18}},"loc":{"start":{"line":30,"column":41},"end":{"line":50,"column":1}},"line":30},"7":{"name":"(anonymous_7)","decl":{"start":{"line":33,"column":32},"end":{"line":33,"column":33}},"loc":{"start":{"line":33,"column":39},"end":{"line":47,"column":3}},"line":33},"8":{"name":"snakeCase","decl":{"start":{"line":53,"column":9},"end":{"line":53,"column":18}},"loc":{"start":{"line":53,"column":24},"end":{"line":55,"column":1}},"line":53}},"branchMap":{"0":{"loc":{"start":{"line":30,"column":24},"end":{"line":30,"column":39}},"type":"default-arg","locations":[{"start":{"line":30,"column":36},"end":{"line":30,"column":39}}],"line":30},"1":{"loc":{"start":{"line":35,"column":4},"end":{"line":46,"column":5}},"type":"if","locations":[{"start":{"line":35,"column":4},"end":{"line":46,"column":5}},{"start":{"line":38,"column":11},"end":{"line":46,"column":5}}],"line":35},"2":{"loc":{"start":{"line":35,"column":8},"end":{"line":35,"column":31}},"type":"binary-expr","locations":[{"start":{"line":35,"column":8},"end":{"line":35,"column":17}},{"start":{"line":35,"column":21},"end":{"line":35,"column":31}}],"line":35},"3":{"loc":{"start":{"line":38,"column":11},"end":{"line":46,"column":5}},"type":"if","locations":[{"start":{"line":38,"column":11},"end":{"line":46,"column":5}},{"start":{"line":41,"column":11},"end":{"line":46,"column":5}}],"line":38},"4":{"loc":{"start":{"line":38,"column":15},"end":{"line":38,"column":37}},"type":"binary-expr","locations":[{"start":{"line":38,"column":15},"end":{"line":38,"column":24}},{"start":{"line":38,"column":28},"end":{"line":38,"column":37}}],"line":38},"5":{"loc":{"start":{"line":41,"column":11},"end":{"line":46,"column":5}},"type":"if","locations":[{"start":{"line":41,"column":11},"end":{"line":46,"column":5}},{"start":{"line":44,"column":11},"end":{"line":46,"column":5}}],"line":41},"6":{"loc":{"start":{"line":41,"column":15},"end":{"line":41,"column":62}},"type":"binary-expr","locations":[{"start":{"line":41,"column":15},"end":{"line":41,"column":26}},{"start":{"line":41,"column":30},"end":{"line":41,"column":62}}],"line":41}},"s":{"0":8,"1":8,"2":8,"3":3,"4":3,"5":3,"6":4,"7":3,"8":5,"9":26,"10":2,"11":2,"12":2,"13":76,"14":76,"15":46,"16":30,"17":6,"18":24,"19":22,"20":2,"21":2,"22":2,"23":1,"24":1,"25":1,"26":1,"27":1,"28":1,"29":1},"f":{"0":8,"1":3,"2":3,"3":4,"4":5,"5":26,"6":2,"7":76,"8":1},"b":{"0":[1],"1":[46,30],"2":[76,46],"3":[6,24],"4":[30,6],"5":[22,2],"6":[24,4]},"_coverageSchema":"1a1c01bbd47fc00a2c39e90264f33305004495a9","hash":"d8fa465257474584248c58943db65de4101b315e"}
}
