TN:
SF:src/index.js
FN:2,capitalize
FN:9,allCaps
FN:14,capitalizeWords
FN:16,(anonymous_3)
FN:21,removeExtraSpaces
FN:25,(anonymous_5)
FN:30,kebobCase
FN:33,(anonymous_7)
FN:53,snakeCase
FNF:9
FNH:9
FNDA:8,capitalize
FNDA:3,allCaps
FNDA:3,capitalizeWords
FNDA:4,(anonymous_3)
FNDA:5,removeExtraSpaces
FNDA:26,(anonymous_5)
FNDA:2,kebobCase
FNDA:76,(anonymous_7)
FNDA:1,snakeCase
DA:3,8
DA:4,8
DA:5,8
DA:10,3
DA:15,3
DA:16,4
DA:17,3
DA:22,5
DA:25,26
DA:31,2
DA:32,2
DA:33,2
DA:34,76
DA:35,76
DA:37,46
DA:38,30
DA:40,6
DA:41,24
DA:43,22
DA:45,2
DA:48,2
DA:49,2
DA:54,1
DA:57,1
DA:58,1
DA:60,1
DA:61,1
DA:62,1
DA:63,1
LF:29
LH:29
BRDA:30,0,0,1
BRDA:35,1,0,46
BRDA:35,1,1,30
BRDA:35,2,0,76
BRDA:35,2,1,46
BRDA:38,3,0,6
BRDA:38,3,1,24
BRDA:38,4,0,30
BRDA:38,4,1,6
BRDA:41,5,0,22
BRDA:41,5,1,2
BRDA:41,6,0,24
BRDA:41,6,1,4
BRF:13
BRH:13
end_of_record
